[htmldemo.net/harosa/harosa-v2/index.html]
[backblue.gif]
[fade.gif]
[index.html]
[htmldemo.net/harosa/harosa-v2/assets/images/favicon.webp]
[htmldemo.net/harosa/harosa-v2/assets/css/font-awesome.min.css]
[htmldemo.net/harosa/harosa-v2/assets/css/ionicons.min.css]
[htmldemo.net/harosa/harosa-v2/assets/css/css-plugins/animate.min.css]
[htmldemo.net/harosa/harosa-v2/assets/css/css-plugins/easyzoom.css]
[htmldemo.net/harosa/harosa-v2/assets/css/bootstrap.min.css]
[htmldemo.net/harosa/harosa-v2/assets/css/css-plugins/jquery-ui.css]
[htmldemo.net/harosa/harosa-v2/assets/css/css-plugins/nice-select.css]
[htmldemo.net/harosa/harosa-v2/assets/css/css-plugins/nivo-slider.css]
[htmldemo.net/harosa/harosa-v2/assets/css/css-plugins/magnific-popup.css]
[htmldemo.net/harosa/harosa-v2/assets/css/css-plugins/owl.carousel.min.css]
[htmldemo.net/harosa/harosa-v2/assets/css/css-plugins/slick.css]
[htmldemo.net/harosa/harosa-v2/assets/css/css-plugins/slick-theme.css]
[htmldemo.net/harosa/harosa-v2/assets/css/bundle.css]
[htmldemo.net/harosa/harosa-v2/assets/css/responsive.css]
[htmldemo.net/harosa/harosa-v2/assets/css/main.css]
[htmldemo.net/harosa/harosa-v2/assets/css/colors.css]
[htmldemo.net/harosa/harosa-v2/login.html]
[htmldemo.net/harosa/harosa-v2/checkout.html]
[htmldemo.net/harosa/harosa-v2/register.html]
[htmldemo.net/harosa/harosa-v2/assets/images/icons/en.webp]
[htmldemo.net/harosa/harosa-v2/assets/images/icons/fr.webp]
[htmldemo.net/harosa/harosa-v2/assets/images/logo/logo.webp]
[htmldemo.net/harosa/harosa-v2/index-2.html]
[htmldemo.net/harosa/harosa-v2/index-3.html]
[htmldemo.net/harosa/harosa-v2/index-5.html]
[htmldemo.net/harosa/harosa-v2/index-6.html]
[htmldemo.net/harosa/harosa-v2/index-4.html]
[htmldemo.net/harosa/harosa-v2/shop.html]
[htmldemo.net/harosa/harosa-v2/blog.html]
[htmldemo.net/harosa/harosa-v2/about-us.html]
[htmldemo.net/harosa/harosa-v2/contact-us.html]
[htmldemo.net/harosa/harosa-v2/service.html]
[htmldemo.net/harosa/harosa-v2/portfolio.html]
[htmldemo.net/harosa/harosa-v2/faq.html]
[htmldemo.net/harosa/harosa-v2/404.html]
[htmldemo.net/harosa/harosa-v2/single-blog.html]
[htmldemo.net/harosa/harosa-v2/blog-no-sidebar.html]
[htmldemo.net/harosa/harosa-v2/single-blog-audio.html]
[htmldemo.net/harosa/harosa-v2/single-blog-gallery.html]
[htmldemo.net/harosa/harosa-v2/single-blog-video.html]
[htmldemo.net/harosa/harosa-v2/shop-list.html]
[htmldemo.net/harosa/harosa-v2/shop-right.html]
[htmldemo.net/harosa/harosa-v2/single-product.html]
[htmldemo.net/harosa/harosa-v2/cart.html]
[htmldemo.net/harosa/harosa-v2/assets/images/product/cat/cat1.webp]
[htmldemo.net/harosa/harosa-v2/assets/images/product/cat/cat2.webp]
[htmldemo.net/harosa/harosa-v2/assets/images/slider/1.webp]
[htmldemo.net/harosa/harosa-v2/assets/images/slider/2.webp]
[htmldemo.net/harosa/harosa-v2/assets/images/product/round/thumb-1.webp]
[htmldemo.net/harosa/harosa-v2/assets/images/product/round/thumb-2.webp]
[htmldemo.net/harosa/harosa-v2/assets/images/product/round/thumb-3.webp]
[htmldemo.net/harosa/harosa-v2/assets/images/banner/1_1.webp]
[htmldemo.net/harosa/harosa-v2/assets/images/banner/2_1.webp]
[htmldemo.net/harosa/harosa-v2/assets/images/product/1.webp]
[htmldemo.net/harosa/harosa-v2/assets/images/product/4.webp]
[htmldemo.net/harosa/harosa-v2/assets/images/product/2.webp]
[htmldemo.net/harosa/harosa-v2/assets/images/product/5.webp]
[htmldemo.net/harosa/harosa-v2/assets/images/product/3.webp]
[htmldemo.net/harosa/harosa-v2/assets/images/product/6.webp]
[htmldemo.net/harosa/harosa-v2/assets/images/product/8.webp]
[htmldemo.net/harosa/harosa-v2/assets/images/product/9.webp]
[htmldemo.net/harosa/harosa-v2/assets/images/product/11.webp]
[htmldemo.net/harosa/harosa-v2/assets/images/product/10.webp]
[htmldemo.net/harosa/harosa-v2/assets/images/product/12.webp]
[htmldemo.net/harosa/harosa-v2/assets/images/product/3_1.webp]
[htmldemo.net/harosa/harosa-v2/assets/images/product/4_1.webp]
[htmldemo.net/harosa/harosa-v2/assets/images/product/5_1.webp]
[htmldemo.net/harosa/harosa-v2/assets/images/testimonials/sample1.webp]
[htmldemo.net/harosa/harosa-v2/assets/images/product/2-1.webp]
[htmldemo.net/harosa/harosa-v2/assets/images/product/2-2.webp]
[htmldemo.net/harosa/harosa-v2/assets/images/product/2-3.webp]
[htmldemo.net/harosa/harosa-v2/assets/images/blog/1.webp]
[htmldemo.net/harosa/harosa-v2/single-blog-html]
[htmldemo.net/harosa/harosa-v2/assets/images/blog/2.webp]
[htmldemo.net/harosa/harosa-v2/assets/images/blog/3.webp]
[htmldemo.net/harosa/harosa-v2/assets/images/blog/4.webp]
[htmldemo.net/harosa/harosa-v2/assets/images/brand/1.webp]
[htmldemo.net/harosa/harosa-v2/assets/images/brand/2.webp]
[htmldemo.net/harosa/harosa-v2/assets/images/brand/3.webp]
[htmldemo.net/harosa/harosa-v2/assets/images/brand/4.webp]
[htmldemo.net/harosa/harosa-v2/assets/images/brand/5.webp]
[htmldemo.net/harosa/harosa-v2/assets/images/brand/6.webp]
[htmldemo.net/harosa/harosa-v2/assets/images/Instagram/1.webp]
[htmldemo.net/harosa/harosa-v2/assets/images/Instagram/2.webp]
[htmldemo.net/harosa/harosa-v2/assets/images/Instagram/3.webp]
[htmldemo.net/harosa/harosa-v2/assets/images/Instagram/4.webp]
[htmldemo.net/harosa/harosa-v2/assets/images/Instagram/5.webp]
[htmldemo.net/harosa/harosa-v2/assets/images/Instagram/6.webp]
[htmldemo.net/harosa/harosa-v2/assets/images/icons/payment-icon.webp]
[htmldemo.net/harosa/harosa-v2/assets/images/product/thumbnails/1.webp]
[htmldemo.net/harosa/harosa-v2/assets/images/product/thumbnails/2.webp]
[htmldemo.net/harosa/harosa-v2/assets/images/product/thumbnails/3.webp]
[htmldemo.net/harosa/harosa-v2/assets/images/product/thumbnails/4.webp]
[htmldemo.net/harosa/harosa-v2/assets/images/product/single/1.webp]
[htmldemo.net/harosa/harosa-v2/assets/images/product/single/2.webp]
[htmldemo.net/harosa/harosa-v2/assets/images/product/single/3.webp]
[htmldemo.net/harosa/harosa-v2/assets/images/product/single/4.webp]
[htmldemo.net/harosa/harosa-v2/assets/js/vendor/modernizr-3.11.2.min.js]
[htmldemo.net/harosa/harosa-v2/assets/js/bootstrap.min.js]
[htmldemo.net/harosa/harosa-v2/assets/js/jquery.nivo.slider.pack.js]
[htmldemo.net/harosa/harosa-v2/assets/js/vendor/jquery-3.5.1.min.js]
[htmldemo.net/harosa/harosa-v2/index.html]
[htmldemo.net/harosa/harosa-v2/assets/js/plugins.js]
[htmldemo.net/harosa/harosa-v2/assets/js/main.js]
[htmldemo.net/harosa/harosa-v2/assets/fonts/fontawesome-webfontd41d.eot]
[htmldemo.net/harosa/harosa-v2/assets/fonts/fontawesome-webfont3e6e.woff2]
[htmldemo.net/harosa/harosa-v2/assets/fonts/fontawesome-webfont3e6e.woff]
[htmldemo.net/harosa/harosa-v2/assets/fonts/fontawesome-webfont3e6e.ttf]
[htmldemo.net/harosa/harosa-v2/assets/css/font-awesome.min.css]
[htmldemo.net/harosa/harosa-v2/assets/fonts/fontawesome-webfont3e6e.eot]
[htmldemo.net/harosa/harosa-v2/assets/fonts/ionicons28b5.eot]
[htmldemo.net/harosa/harosa-v2/assets/fonts/fontawesome-webfont3e6e.svg]
[htmldemo.net/harosa/harosa-v2/assets/fonts/ionicons28b5.ttf]
[htmldemo.net/harosa/harosa-v2/assets/fonts/ionicons28b5.woff]
[htmldemo.net/harosa/harosa-v2/assets/css/ionicons.min.css]
[htmldemo.net/harosa/harosa-v2/assets/css/bootstrap.min.css]
[htmldemo.net/harosa/harosa-v2/assets/css/css-plugins/animate.min.css]
[htmldemo.net/harosa/harosa-v2/assets/css/css-plugins/easyzoom.css]
[htmldemo.net/harosa/harosa-v2/assets/css/css-plugins/images/ui-bg_inset-hard_100_fcfdfd_1x100.webp]
[htmldemo.net/harosa/harosa-v2/assets/fonts/ionicons28b5.svg]
[htmldemo.net/harosa/harosa-v2/assets/css/css-plugins/images/ui-bg_gloss-wave_55_5c9ccc_500x100.webp]
[htmldemo.net/harosa/harosa-v2/assets/css/css-plugins/images/ui-bg_glass_85_dfeffc_1x400.webp]
[htmldemo.net/harosa/harosa-v2/assets/css/css-plugins/images/ui-bg_glass_75_d0e5f5_1x400.webp]
[htmldemo.net/harosa/harosa-v2/assets/css/css-plugins/images/ui-bg_inset-hard_100_f5f8f9_1x100.webp]
[htmldemo.net/harosa/harosa-v2/assets/css/css-plugins/images/ui-bg_glass_95_fef1ec_1x400.webp]
[htmldemo.net/harosa/harosa-v2/assets/css/css-plugins/images/ui-icons_469bdd_256x240.webp]
[htmldemo.net/harosa/harosa-v2/assets/css/css-plugins/images/ui-icons_d8e7f3_256x240.webp]
[htmldemo.net/harosa/harosa-v2/assets/css/css-plugins/images/ui-icons_6da8d5_256x240.webp]
[htmldemo.net/harosa/harosa-v2/assets/css/css-plugins/images/ui-icons_217bc0_256x240.webp]
[htmldemo.net/harosa/harosa-v2/assets/css/css-plugins/images/ui-icons_f9bd01_256x240.webp]
[htmldemo.net/harosa/harosa-v2/assets/css/css-plugins/images/ui-icons_2e83ff_256x240.webp]
[htmldemo.net/harosa/harosa-v2/assets/css/css-plugins/images/ui-icons_cd0a0a_256x240.webp]
[htmldemo.net/harosa/harosa-v2/assets/css/css-plugins/jquery-ui.css]
[htmldemo.net/harosa/harosa-v2/assets/css/css-plugins/magnific-popup.css]
[htmldemo.net/harosa/harosa-v2/assets/css/css-plugins/nice-select.css]
[htmldemo.net/harosa/harosa-v2/assets/css/css-plugins/nivo-slider.css]
[htmldemo.net/harosa/harosa-v2/assets/css/css-plugins/owl.video.play.webp]
[htmldemo.net/harosa/harosa-v2/assets/css/css-plugins/owl.carousel.min.css]
[htmldemo.net/harosa/harosa-v2/assets/css/css-plugins/slick.css]
[htmldemo.net/harosa/harosa-v2/assets/css/css-plugins/ajax-loader.gif]
[htmldemo.net/harosa/harosa-v2/assets/css/css-plugins/fonts/slick.eot]
[htmldemo.net/harosa/harosa-v2/assets/css/css-plugins/fonts/slickd41d.eot]
[htmldemo.net/harosa/harosa-v2/assets/css/css-plugins/fonts/slick.woff]
[htmldemo.net/harosa/harosa-v2/assets/css/css-plugins/fonts/slick.ttf]
[htmldemo.net/harosa/harosa-v2/assets/css/css-plugins/slick-theme.css]
[htmldemo.net/harosa/harosa-v2/assets/css/css-plugins/fonts/slick.svg]
[htmldemo.net/harosa/harosa-v2/assets/images/bg/1.webp]
[htmldemo.net/harosa/harosa-v2/assets/images/bg/2.webp]
[htmldemo.net/harosa/harosa-v2/assets/images/bg/3.webp]
[htmldemo.net/harosa/harosa-v2/assets/images/bg/4.webp]
[htmldemo.net/harosa/harosa-v2/assets/images/bg/5.webp]
[htmldemo.net/harosa/harosa-v2/assets/images/bg/6.webp]
[htmldemo.net/harosa/harosa-v2/assets/images/bg/7.webp]
[htmldemo.net/harosa/harosa-v2/assets/images/bg/8.webp]
[htmldemo.net/harosa/harosa-v2/assets/images/bg/9.webp]
[htmldemo.net/harosa/harosa-v2/assets/images/bg/10.webp]
[htmldemo.net/harosa/harosa-v2/assets/images/pattern/pattern-bg.webp]
[htmldemo.net/harosa/harosa-v2/assets/css/bundle.css]
[htmldemo.net/harosa/harosa-v2/assets/images/bg/bg_testimonial.webp]
[htmldemo.net/harosa/harosa-v2/assets/images/bg/blog_bg.webp]
[htmldemo.net/harosa/harosa-v2/assets/images/bg/bg_newletter.webp]
[htmldemo.net/harosa/harosa-v2/assets/images/bg/bg-1.webp]
[htmldemo.net/harosa/harosa-v2/assets/images/bg/bg-2.webp]
[htmldemo.net/harosa/harosa-v2/assets/css/main.css]
[htmldemo.net/harosa/harosa-v2/assets/css/responsive.css]
[htmldemo.net/harosa/harosa-v2/assets/css/colors.css]
[htmldemo.net/harosa/harosa-v2/images/icons/icon_logo.webp]
[htmldemo.net/harosa/harosa-v2/css/bootstrap.min.css]
[htmldemo.net/harosa/harosa-v2/css/font-awesome.min.css]
[htmldemo.net/harosa/harosa-v2/css/ionicons.min.css]
[htmldemo.net/harosa/harosa-v2/css/css-plugins-call.css]
[htmldemo.net/harosa/harosa-v2/css/bundle.css]
[htmldemo.net/harosa/harosa-v2/css/main.css]
[htmldemo.net/harosa/harosa-v2/css/responsive.css]
[htmldemo.net/harosa/harosa-v2/css/colors.css]
[htmldemo.net/harosa/harosa-v2/images/icons/en.webp]
[htmldemo.net/harosa/harosa-v2/images/icons/fr.webp]
[htmldemo.net/harosa/harosa-v2/images/logo/logo.webp]
[htmldemo.net/harosa/harosa-v2/service-2.html]
[htmldemo.net/harosa/harosa-v2/images/product/cat/cat1.webp]
[htmldemo.net/harosa/harosa-v2/images/product/cat/cat2.webp]
[htmldemo.net/harosa/harosa-v2/forgot-password.html]
[htmldemo.net/harosa/harosa-v2/images/brand/1.webp]
[htmldemo.net/harosa/harosa-v2/images/brand/2.webp]
[htmldemo.net/harosa/harosa-v2/images/brand/3.webp]
[htmldemo.net/harosa/harosa-v2/images/brand/4.webp]
[htmldemo.net/harosa/harosa-v2/images/brand/5.webp]
[htmldemo.net/harosa/harosa-v2/images/brand/6.webp]
[htmldemo.net/harosa/harosa-v2/images/Instagram/1.webp]
[htmldemo.net/harosa/harosa-v2/images/Instagram/2.webp]
[htmldemo.net/harosa/harosa-v2/images/Instagram/3.webp]
[htmldemo.net/harosa/harosa-v2/images/Instagram/4.webp]
[htmldemo.net/harosa/harosa-v2/images/Instagram/5.webp]
[htmldemo.net/harosa/harosa-v2/images/Instagram/6.webp]
[htmldemo.net/harosa/harosa-v2/images/icons/payment-icon.webp]
[htmldemo.net/harosa/harosa-v2/images/product/thumbnails/1.webp]
[htmldemo.net/harosa/harosa-v2/images/product/thumbnails/2.webp]
[htmldemo.net/harosa/harosa-v2/images/product/thumbnails/3.webp]
[htmldemo.net/harosa/harosa-v2/images/product/thumbnails/4.webp]
[htmldemo.net/harosa/harosa-v2/images/product/single/1.webp]
[htmldemo.net/harosa/harosa-v2/images/product/single/2.webp]
[htmldemo.net/harosa/harosa-v2/images/product/single/3.webp]
[htmldemo.net/harosa/harosa-v2/images/product/single/4.webp]
[code.jquery.com/jquery-3.2.1.min.js]
[htmldemo.net/harosa/harosa-v2/js/jquery-3.2.1.min.js]
[htmldemo.net/harosa/harosa-v2/js/popper.min.js]
[htmldemo.net/harosa/harosa-v2/js/bootstrap.min.js]
[htmldemo.net/harosa/harosa-v2/js/jquery.nivo.slider.pack.js]
[htmldemo.net/harosa/harosa-v2/js/plugins.js]
[htmldemo.net/harosa/harosa-v2/js/main.js]
[www.google-analytics.com/analytics.js]
[htmldemo.net/harosa/harosa-v2/login.html]
[htmldemo.net/harosa/harosa-v2/checkout.html]
[htmldemo.net/harosa/harosa-v2/register.html]
[htmldemo.net/harosa/harosa-v2/assets/images/bg/1_2.webp]
[htmldemo.net/harosa/harosa-v2/assets/images/product/mini/1.webp]
[htmldemo.net/harosa/harosa-v2/assets/images/product/mini/2.webp]
[htmldemo.net/harosa/harosa-v2/assets/images/product/mini/3.webp]
[htmldemo.net/harosa/harosa-v2/assets/images/product/mini/4.webp]
[htmldemo.net/harosa/harosa-v2/assets/images/product/mini/5.webp]
[htmldemo.net/harosa/harosa-v2/assets/images/product/mini/6.webp]
[htmldemo.net/harosa/harosa-v2/assets/images/product/mini/7.webp]
[htmldemo.net/harosa/harosa-v2/assets/images/product/mini/8.webp]
[htmldemo.net/harosa/harosa-v2/assets/images/product/mini/9.webp]
[htmldemo.net/harosa/harosa-v2/index-2.html]
[htmldemo.net/harosa/harosa-v2/assets/images/slider/4.webp]
[htmldemo.net/harosa/harosa-v2/assets/images/slider/3.webp]
[htmldemo.net/harosa/harosa-v2/assets/images/bg/1_3.webp]
[htmldemo.net/harosa/harosa-v2/assets/images/service/2_3.webp]
[htmldemo.net/harosa/harosa-v2/index-3.html]
[htmldemo.net/harosa/harosa-v2/assets/images/logo/logo-whit.webp]
[htmldemo.net/harosa/harosa-v2/assets/images/slider/5.webp]
[htmldemo.net/harosa/harosa-v2/assets/images/slider/6.webp]
[htmldemo.net/harosa/harosa-v2/assets/images/banner/1_4.webp]
[htmldemo.net/harosa/harosa-v2/assets/images/banner/2_4.webp]
[htmldemo.net/harosa/harosa-v2/assets/images/banner/3_4.webp]
[htmldemo.net/harosa/harosa-v2/index-4.html]
[htmldemo.net/harosa/harosa-v2/assets/images/slider/7.webp]
[htmldemo.net/harosa/harosa-v2/assets/images/slider/8.webp]
[htmldemo.net/harosa/harosa-v2/assets/images/banner/shop-sidebar.webp]
[htmldemo.net/harosa/harosa-v2/assets/images/banner/1_5.webp]
[htmldemo.net/harosa/harosa-v2/index-5.html]
[htmldemo.net/harosa/harosa-v2/index-6.html]
[htmldemo.net/harosa/harosa-v2/assets/images/product/7.webp]
[htmldemo.net/harosa/harosa-v2/assets/images/banner/advertising.webp]
[htmldemo.net/harosa/harosa-v2/shop.html]
[htmldemo.net/harosa/harosa-v2/assets/images/blog/blog1.webp]
[htmldemo.net/harosa/harosa-v2/assets/images/blog/blog2.webp]
[htmldemo.net/harosa/harosa-v2/assets/images/blog/blog3.webp]
[htmldemo.net/harosa/harosa-v2/assets/images/blog/blog4.webp]
[htmldemo.net/harosa/harosa-v2/assets/images/blog/blog5.webp]
[htmldemo.net/harosa/harosa-v2/blog.html]
[htmldemo.net/harosa/harosa-v2/assets/images/banner/about-us-img1.webp]
[htmldemo.net/harosa/harosa-v2/assets/images/icon-img/about-us-icon1.webp]
[htmldemo.net/harosa/harosa-v2/assets/images/icon-img/about-us-icon2.webp]
[htmldemo.net/harosa/harosa-v2/assets/images/icon-img/about-us-icon3.webp]
[htmldemo.net/harosa/harosa-v2/assets/images/icon-img/about-us-icon4.webp]
[htmldemo.net/harosa/harosa-v2/assets/images/banner/about-us-img2.webp]
[htmldemo.net/harosa/harosa-v2/about-us.html]
[htmldemo.net/harosa/harosa-v2/contact-us.html]
[htmldemo.net/harosa/harosa-v2/assets/images/service/service1-banner1.webp]
[htmldemo.net/harosa/harosa-v2/assets/images/service/service1-banner2.webp]
[htmldemo.net/harosa/harosa-v2/assets/images/service/service1-banner3.webp]
[htmldemo.net/harosa/harosa-v2/assets/images/service/4.webp]
[htmldemo.net/harosa/harosa-v2/service.html]
[htmldemo.net/harosa/harosa-v2/assets/images/portfolio/p1.webp]
[htmldemo.net/harosa/harosa-v2/portfolio-details.html]
[htmldemo.net/harosa/harosa-v2/assets/images/portfolio/p3.webp]
[htmldemo.net/harosa/harosa-v2/assets/images/portfolio/p6.webp]
[htmldemo.net/harosa/harosa-v2/assets/images/portfolio/p8.webp]
[htmldemo.net/harosa/harosa-v2/assets/images/portfolio/p2.webp]
[htmldemo.net/harosa/harosa-v2/assets/images/portfolio/p4.webp]
[htmldemo.net/harosa/harosa-v2/assets/images/portfolio/p5.webp]
[htmldemo.net/harosa/harosa-v2/assets/images/portfolio/p7.webp]
[htmldemo.net/harosa/harosa-v2/portfolio.html]
[htmldemo.net/harosa/harosa-v2/faq.html]
[htmldemo.net/harosa/harosa-v2/404.html]
[htmldemo.net/harosa/harosa-v2/blog-no-sidebar.html]
[htmldemo.net/harosa/harosa-v2/assets/images/blog/related1.webp]
[htmldemo.net/harosa/harosa-v2/assets/images/blog/related2.webp]
[htmldemo.net/harosa/harosa-v2/assets/images/blog/related3.webp]
[htmldemo.net/harosa/harosa-v2/assets/images/blog/road-avatar.webp]
[htmldemo.net/harosa/harosa-v2/assets/images/blog/avatar.webp]
[htmldemo.net/harosa/harosa-v2/single-blog.html]
[htmldemo.net/harosa/harosa-v2/single-blog-gallery.html]
[htmldemo.net/harosa/harosa-v2/single-blog-audio.html]
[htmldemo.net/harosa/harosa-v2/single-blog-video.html]
[htmldemo.net/harosa/harosa-v2/shop-list.html]
[htmldemo.net/harosa/harosa-v2/shop-right.html]
[htmldemo.net/harosa/harosa-v2/assets/images/brand/sin.webp]
[htmldemo.net/harosa/harosa-v2/single-product.html]
[htmldemo.net/harosa/harosa-v2/cart.html]
[htmldemo.net/harosa/harosa-v2/single-blog-html.html]
[htmldemo.net/harosa/harosa-v2/assets/fonts/fontawesome-webfont3e6e.svg]
[htmldemo.net/harosa/harosa-v2/assets/fonts/ionicons28b5.svg]
[htmldemo.net/harosa/harosa-v2/assets/css/css-plugins/images/ui-bg_inset-hard_100_fcfdfd_1x100.html]
[htmldemo.net/harosa/harosa-v2/assets/css/css-plugins/images/ui-bg_gloss-wave_55_5c9ccc_500x100.html]
[htmldemo.net/harosa/harosa-v2/assets/css/css-plugins/images/ui-bg_glass_85_dfeffc_1x400.html]
[htmldemo.net/harosa/harosa-v2/assets/css/css-plugins/images/ui-bg_glass_75_d0e5f5_1x400.html]
[htmldemo.net/harosa/harosa-v2/assets/css/css-plugins/images/ui-bg_inset-hard_100_f5f8f9_1x100.html]
[htmldemo.net/harosa/harosa-v2/assets/css/css-plugins/images/ui-bg_glass_95_fef1ec_1x400.html]
[htmldemo.net/harosa/harosa-v2/assets/css/css-plugins/images/ui-icons_469bdd_256x240.html]
[htmldemo.net/harosa/harosa-v2/assets/css/css-plugins/images/ui-icons_d8e7f3_256x240.html]
[htmldemo.net/harosa/harosa-v2/assets/css/css-plugins/images/ui-icons_6da8d5_256x240.html]
[htmldemo.net/harosa/harosa-v2/assets/css/css-plugins/images/ui-icons_217bc0_256x240.html]
[htmldemo.net/harosa/harosa-v2/assets/css/css-plugins/images/ui-icons_f9bd01_256x240.html]
[htmldemo.net/harosa/harosa-v2/assets/css/css-plugins/images/ui-icons_2e83ff_256x240.html]
[htmldemo.net/harosa/harosa-v2/assets/css/css-plugins/images/ui-icons_cd0a0a_256x240.html]
[htmldemo.net/harosa/harosa-v2/assets/css/css-plugins/owl.video.play.html]
[htmldemo.net/harosa/harosa-v2/assets/css/css-plugins/fonts/slick.svg]
[htmldemo.net/harosa/harosa-v2/assets/images/bg/1.html]
[htmldemo.net/harosa/harosa-v2/assets/images/bg/2.html]
[htmldemo.net/harosa/harosa-v2/assets/images/bg/3.html]
[htmldemo.net/harosa/harosa-v2/assets/images/bg/4.html]
[htmldemo.net/harosa/harosa-v2/assets/images/bg/5.html]
[htmldemo.net/harosa/harosa-v2/assets/images/bg/6.html]
[htmldemo.net/harosa/harosa-v2/assets/images/bg/7.html]
[htmldemo.net/harosa/harosa-v2/assets/images/bg/8.html]
[htmldemo.net/harosa/harosa-v2/assets/images/bg/9.html]
[htmldemo.net/harosa/harosa-v2/assets/images/bg/10.html]
[htmldemo.net/harosa/harosa-v2/assets/images/pattern/pattern-bg.html]
[htmldemo.net/harosa/harosa-v2/images/icons/icon_logo.html]
[htmldemo.net/harosa/harosa-v2/css/bootstrap.min.html]
[htmldemo.net/harosa/harosa-v2/css/font-awesome.min.html]
[htmldemo.net/harosa/harosa-v2/css/ionicons.min.html]
[htmldemo.net/harosa/harosa-v2/css/css-plugins-call.html]
[htmldemo.net/harosa/harosa-v2/css/bundle.html]
[htmldemo.net/harosa/harosa-v2/css/main.html]
[htmldemo.net/harosa/harosa-v2/css/responsive.html]
[htmldemo.net/harosa/harosa-v2/css/colors.html]
[htmldemo.net/harosa/harosa-v2/images/icons/en.html]
[htmldemo.net/harosa/harosa-v2/images/icons/fr.html]
[htmldemo.net/harosa/harosa-v2/images/logo/logo.html]
[htmldemo.net/harosa/harosa-v2/assets/images/service/service-section2.webp]
[htmldemo.net/harosa/harosa-v2/assets/images/service/service4.webp]
[htmldemo.net/harosa/harosa-v2/assets/images/service/service5.webp]
[htmldemo.net/harosa/harosa-v2/assets/images/service/service6.webp]
[htmldemo.net/harosa/harosa-v2/assets/images/service/service7.webp]
[htmldemo.net/harosa/harosa-v2/assets/images/service/service8.webp]
[htmldemo.net/harosa/harosa-v2/assets/images/service/service9.webp]
[htmldemo.net/harosa/harosa-v2/service-2.html]
[htmldemo.net/harosa/harosa-v2/images/product/cat/cat1.html]
[htmldemo.net/harosa/harosa-v2/images/product/cat/cat2.html]
[htmldemo.net/harosa/harosa-v2/forgot-password.html]
[htmldemo.net/harosa/harosa-v2/images/brand/1.html]
[htmldemo.net/harosa/harosa-v2/images/brand/2.html]
[htmldemo.net/harosa/harosa-v2/images/brand/3.html]
[htmldemo.net/harosa/harosa-v2/images/brand/4.html]
[htmldemo.net/harosa/harosa-v2/images/brand/5.html]
[htmldemo.net/harosa/harosa-v2/images/brand/6.html]
[htmldemo.net/harosa/harosa-v2/images/Instagram/1.html]
[htmldemo.net/harosa/harosa-v2/images/Instagram/2.html]
[htmldemo.net/harosa/harosa-v2/images/Instagram/3.html]
[htmldemo.net/harosa/harosa-v2/images/Instagram/4.html]
[htmldemo.net/harosa/harosa-v2/images/Instagram/5.html]
[htmldemo.net/harosa/harosa-v2/images/Instagram/6.html]
[htmldemo.net/harosa/harosa-v2/images/icons/payment-icon.html]
[htmldemo.net/harosa/harosa-v2/images/product/thumbnails/1.html]
[htmldemo.net/harosa/harosa-v2/images/product/thumbnails/2.html]
[htmldemo.net/harosa/harosa-v2/images/product/thumbnails/3.html]
[htmldemo.net/harosa/harosa-v2/images/product/thumbnails/4.html]
[htmldemo.net/harosa/harosa-v2/images/product/single/1.html]
[htmldemo.net/harosa/harosa-v2/images/product/single/2.html]
[htmldemo.net/harosa/harosa-v2/images/product/single/3.html]
[htmldemo.net/harosa/harosa-v2/images/product/single/4.html]
[htmldemo.net/harosa/harosa-v2/js/jquery-3.2.1.min.html]
[htmldemo.net/harosa/harosa-v2/js/popper.min.html]
[htmldemo.net/harosa/harosa-v2/js/bootstrap.min.html]
[htmldemo.net/harosa/harosa-v2/js/jquery.nivo.slider.pack.html]
[htmldemo.net/harosa/harosa-v2/js/plugins.html]
[htmldemo.net/harosa/harosa-v2/js/main.html]
[htmldemo.net/harosa/harosa-v2/portfolio-details.html]
